  AppClassControls.cpp
c:\users\megan smith\desktop\assignments\a12_octree\boundingobjectmanagersingleton.h(61): warning C4018: '<': signed/unsigned mismatch
c:\users\megan smith\desktop\assignments\a12_octree\boundingobjectmanagersingleton.h(76): warning C4018: '<': signed/unsigned mismatch
c:\users\megan smith\desktop\assignments\a12_octree\boundingobjectmanagersingleton.h(88): warning C4018: '<': signed/unsigned mismatch
c:\users\megan smith\desktop\assignments\a12_octree\boundingobjectmanagersingleton.h(95): warning C4018: '<': signed/unsigned mismatch
c:\users\megan smith\desktop\assignments\a12_octree\boundingobjectmanagersingleton.h(101): warning C4018: '<': signed/unsigned mismatch
c:\users\megan smith\desktop\assignments\a12_octree\boundingobjectmanagersingleton.h(116): warning C4018: '<': signed/unsigned mismatch
c:\users\megan smith\desktop\assignments\a12_octree\boundingobjectmanagersingleton.h(119): warning C4018: '<': signed/unsigned mismatch
c:\users\megan smith\desktop\assignments\a12_octree\boundingobjectmanagersingleton.h(120): warning C4018: '<': signed/unsigned mismatch
  A12_Octree.vcxproj -> C:\Users\Megan Smith\Desktop\Assignments\Z_DELETE\A12_OctreeD.exe
  A12_Octree.vcxproj -> C:\Users\Megan Smith\Desktop\Assignments\Z_DELETE\A12_OctreeD.pdb (Full PDB)
  A subdirectory or file C:\Users\Megan Smith\Desktop\Assignments\_Binary\ already exists.
  C:\Users\Megan Smith\Desktop\Assignments\include\GL\bin\glew32.dll
  C:\Users\Megan Smith\Desktop\Assignments\include\GL\bin\glut32.dll
  2 File(s) copied
  C:\Users\Megan Smith\Desktop\Assignments\include\RE\bin\2015\ReEng_VS15.dll
  C:\Users\Megan Smith\Desktop\Assignments\include\RE\bin\2015\ReEng_VS15_d.dll
  2 File(s) copied
  C:\Users\Megan Smith\Desktop\Assignments\include\SFML\bin\sfml-system-2.dll
  1 File(s) copied
  C:\Users\Megan Smith\Desktop\Assignments\include\SFML\bin\sfml-window-2.dll
  1 File(s) copied
  A subdirectory or file C:\Users\Megan Smith\Desktop\Assignments\_Binary\Shaders\ already exists.
  C:\Users\Megan Smith\Desktop\Assignments\include\RE\Shaders\Basic.fs
  C:\Users\Megan Smith\Desktop\Assignments\include\RE\Shaders\Basic.vs
  C:\Users\Megan Smith\Desktop\Assignments\include\RE\Shaders\BasicColor.fs
  C:\Users\Megan Smith\Desktop\Assignments\include\RE\Shaders\BasicColor.vs
  C:\Users\Megan Smith\Desktop\Assignments\include\RE\Shaders\Color.fs
  C:\Users\Megan Smith\Desktop\Assignments\include\RE\Shaders\Color.vs
  C:\Users\Megan Smith\Desktop\Assignments\include\RE\Shaders\PassThrough.fs
  C:\Users\Megan Smith\Desktop\Assignments\include\RE\Shaders\PassThrough.vs
  C:\Users\Megan Smith\Desktop\Assignments\include\RE\Shaders\Phong.fs
  C:\Users\Megan Smith\Desktop\Assignments\include\RE\Shaders\Phong.vs
  C:\Users\Megan Smith\Desktop\Assignments\include\RE\Shaders\REShader.fs
  C:\Users\Megan Smith\Desktop\Assignments\include\RE\Shaders\REShader.vs
  C:\Users\Megan Smith\Desktop\Assignments\include\RE\Shaders\REShaderInv.fs
  C:\Users\Megan Smith\Desktop\Assignments\include\RE\Shaders\REShaderMC.fs
  C:\Users\Megan Smith\Desktop\Assignments\include\RE\Shaders\Skybox.fs
  C:\Users\Megan Smith\Desktop\Assignments\include\RE\Shaders\Skybox.vs
  C:\Users\Megan Smith\Desktop\Assignments\include\RE\Shaders\Test.fs
  C:\Users\Megan Smith\Desktop\Assignments\include\RE\Shaders\Test.vs
  C:\Users\Megan Smith\Desktop\Assignments\include\RE\Shaders\TextShader.fs
  C:\Users\Megan Smith\Desktop\Assignments\include\RE\Shaders\TextShader.vs
  20 File(s) copied
