  AppClass.cpp
c:\users\megan smith\desktop\assignments\a10_boundingvolumeclass\boundingobjectmanagersingleton.h(56): warning C4018: '<': signed/unsigned mismatch
c:\users\megan smith\desktop\assignments\a10_boundingvolumeclass\boundingobjectmanagersingleton.h(59): warning C4018: '<': signed/unsigned mismatch
c:\users\megan smith\desktop\assignments\a10_boundingvolumeclass\boundingobjectmanagersingleton.h(60): warning C4018: '<': signed/unsigned mismatch
  Generating Code...
  Compiling...
  Main.cpp
c:\users\megan smith\desktop\assignments\a10_boundingvolumeclass\boundingobjectmanagersingleton.h(56): warning C4018: '<': signed/unsigned mismatch
c:\users\megan smith\desktop\assignments\a10_boundingvolumeclass\boundingobjectmanagersingleton.h(59): warning C4018: '<': signed/unsigned mismatch
c:\users\megan smith\desktop\assignments\a10_boundingvolumeclass\boundingobjectmanagersingleton.h(60): warning C4018: '<': signed/unsigned mismatch
  AppClassControls.cpp
c:\users\megan smith\desktop\assignments\a10_boundingvolumeclass\boundingobjectmanagersingleton.h(56): warning C4018: '<': signed/unsigned mismatch
c:\users\megan smith\desktop\assignments\a10_boundingvolumeclass\boundingobjectmanagersingleton.h(59): warning C4018: '<': signed/unsigned mismatch
c:\users\megan smith\desktop\assignments\a10_boundingvolumeclass\boundingobjectmanagersingleton.h(60): warning C4018: '<': signed/unsigned mismatch
  Generating Code...
  A10_BoundingVolumeClass.vcxproj -> C:\Users\Megan Smith\Desktop\Assignments\Z_DELETE\A10_BoundingVolumeClassD.exe
  A10_BoundingVolumeClass.vcxproj -> C:\Users\Megan Smith\Desktop\Assignments\Z_DELETE\A10_BoundingVolumeClassD.pdb (Full PDB)
  A subdirectory or file C:\Users\Megan Smith\Desktop\Assignments\_Binary\ already exists.
  C:\Users\Megan Smith\Desktop\Assignments\include\GL\bin\glew32.dll
  C:\Users\Megan Smith\Desktop\Assignments\include\GL\bin\glut32.dll
  2 File(s) copied
  C:\Users\Megan Smith\Desktop\Assignments\include\RE\bin\2015\ReEng_VS15.dll
  C:\Users\Megan Smith\Desktop\Assignments\include\RE\bin\2015\ReEng_VS15_d.dll
  2 File(s) copied
  C:\Users\Megan Smith\Desktop\Assignments\include\SFML\bin\sfml-system-2.dll
  1 File(s) copied
  C:\Users\Megan Smith\Desktop\Assignments\include\SFML\bin\sfml-window-2.dll
  1 File(s) copied
  A subdirectory or file C:\Users\Megan Smith\Desktop\Assignments\_Binary\Shaders\ already exists.
  C:\Users\Megan Smith\Desktop\Assignments\include\RE\Shaders\Basic.fs
  C:\Users\Megan Smith\Desktop\Assignments\include\RE\Shaders\Basic.vs
  C:\Users\Megan Smith\Desktop\Assignments\include\RE\Shaders\BasicColor.fs
  C:\Users\Megan Smith\Desktop\Assignments\include\RE\Shaders\BasicColor.vs
  C:\Users\Megan Smith\Desktop\Assignments\include\RE\Shaders\Color.fs
  C:\Users\Megan Smith\Desktop\Assignments\include\RE\Shaders\Color.vs
  C:\Users\Megan Smith\Desktop\Assignments\include\RE\Shaders\PassThrough.fs
  C:\Users\Megan Smith\Desktop\Assignments\include\RE\Shaders\PassThrough.vs
  C:\Users\Megan Smith\Desktop\Assignments\include\RE\Shaders\Phong.fs
  C:\Users\Megan Smith\Desktop\Assignments\include\RE\Shaders\Phong.vs
  C:\Users\Megan Smith\Desktop\Assignments\include\RE\Shaders\REShader.fs
  C:\Users\Megan Smith\Desktop\Assignments\include\RE\Shaders\REShader.vs
  C:\Users\Megan Smith\Desktop\Assignments\include\RE\Shaders\REShaderInv.fs
  C:\Users\Megan Smith\Desktop\Assignments\include\RE\Shaders\REShaderMC.fs
  C:\Users\Megan Smith\Desktop\Assignments\include\RE\Shaders\Skybox.fs
  C:\Users\Megan Smith\Desktop\Assignments\include\RE\Shaders\Skybox.vs
  C:\Users\Megan Smith\Desktop\Assignments\include\RE\Shaders\Test.fs
  C:\Users\Megan Smith\Desktop\Assignments\include\RE\Shaders\Test.vs
  C:\Users\Megan Smith\Desktop\Assignments\include\RE\Shaders\TextShader.fs
  C:\Users\Megan Smith\Desktop\Assignments\include\RE\Shaders\TextShader.vs
  20 File(s) copied
